<?xml version="1.0" encoding="UTF-8" ?>
<testsuites>
  <testsuite errors="0" failures="0" hostname="A38103.local" id="0" name="PaymentItemTests" package="" tests="1" time="0.192" timestamp="2009-05-05T02:55:24">
      <properties />

      <testcase classname="PaymentItemTests" name="testSomething" time="0.191" />

      <system-out><![CDATA[--Output from testSomething--
]]></system-out>

      <system-err><![CDATA[--Output from testSomething--
]]></system-err>

  </testsuite>
  <testsuite errors="0" failures="0" hostname="A38103.local" id="1" name="PaymentTests" package="org.grails.paypal" tests="1" time="1.308" timestamp="2009-05-05T02:55:41">
      <properties />

      <testcase classname="org.grails.paypal.PaymentTests" name="testValidatePayment" time="1.261" />

      <system-out><![CDATA[--Output from testValidatePayment--
]]></system-out>

      <system-err><![CDATA[--Output from testValidatePayment--
]]></system-err>

  </testsuite>
  <testsuite errors="0" failures="0" hostname="A38103.local" id="2" name="PaypalControllerTests" package="org.grails.paypal" tests="5" time="1.012" timestamp="2009-05-05T02:55:42">
      <properties />

      <testcase classname="org.grails.paypal.PaypalControllerTests" name="testBuyInvalidPayment" time="0.202" />

      <testcase classname="org.grails.paypal.PaypalControllerTests" name="testBuyValidPayment" time="0.372" />

      <testcase classname="org.grails.paypal.PaypalControllerTests" name="testUploadCartNoShipping" time="0.131" />

      <testcase classname="org.grails.paypal.PaypalControllerTests" name="testUploadCartValidPayment" time="0.075" />

      <testcase classname="org.grails.paypal.PaypalControllerTests" name="testUploadCartWithShippingAddress" time="0.063" />

      <system-out><![CDATA[--Output from testBuyInvalidPayment--
--Output from testBuyValidPayment--
--Output from testUploadCartNoShipping--
--Output from testUploadCartValidPayment--
--Output from testUploadCartWithShippingAddress--
]]></system-out>

      <system-err><![CDATA[--Output from testBuyInvalidPayment--
--Output from testBuyValidPayment--
--Output from testUploadCartNoShipping--
--Output from testUploadCartValidPayment--
--Output from testUploadCartWithShippingAddress--
]]></system-err>

  </testsuite>
</testsuites>
