<?xml version="1.0" encoding="UTF-8" ?>
<testsuites>
  <testsuite errors="0" failures="0" hostname="A38103.local" id="0" name="PaymentItemTests" package="" tests="1" time="0.3" timestamp="2009-05-02T21:27:34">
      <properties />

      <testcase classname="PaymentItemTests" name="testSomething" time="0.299" />

      <system-out><![CDATA[--Output from testSomething--
]]></system-out>

      <system-err><![CDATA[--Output from testSomething--
]]></system-err>

  </testsuite>
  <testsuite errors="0" failures="0" hostname="A38103.local" id="1" name="PaymentTests" package="org.grails.paypal" tests="1" time="1.073" timestamp="2009-05-02T21:27:47">
      <properties />

      <testcase classname="org.grails.paypal.PaymentTests" name="testValidatePayment" time="0.993" />

      <system-out><![CDATA[--Output from testValidatePayment--
]]></system-out>

      <system-err><![CDATA[--Output from testValidatePayment--
]]></system-err>

  </testsuite>
  <testsuite errors="0" failures="0" hostname="A38103.local" id="2" name="PaypalControllerTests" package="org.grails.paypal" tests="5" time="0.908" timestamp="2009-05-02T21:27:48">
      <properties />

      <testcase classname="org.grails.paypal.PaypalControllerTests" name="testBuyInvalidPayment" time="0.16" />

      <testcase classname="org.grails.paypal.PaypalControllerTests" name="testBuyValidPayment" time="0.488" />

      <testcase classname="org.grails.paypal.PaypalControllerTests" name="testUploadCartNoShipping" time="0.126" />

      <testcase classname="org.grails.paypal.PaypalControllerTests" name="testUploadCartValidPayment" time="0.022" />

      <testcase classname="org.grails.paypal.PaypalControllerTests" name="testUploadCartWithShippingAddress" time="0.061" />

      <system-out><![CDATA[--Output from testBuyInvalidPayment--
--Output from testBuyValidPayment--
--Output from testUploadCartNoShipping--
--Output from testUploadCartValidPayment--
--Output from testUploadCartWithShippingAddress--
]]></system-out>

      <system-err><![CDATA[--Output from testBuyInvalidPayment--
--Output from testBuyValidPayment--
--Output from testUploadCartNoShipping--
--Output from testUploadCartValidPayment--
--Output from testUploadCartWithShippingAddress--
]]></system-err>

  </testsuite>
</testsuites>
